TN:
SF:cds-plugin.js
FNF:0
FNH:0
DA:4,0
LF:1
LH:0
BRF:0
BRH:0
end_of_record
TN:
SF:lib/sdm.js
FN:11,(anonymous_0)
FN:15,(anonymous_1)
FN:19,(anonymous_2)
FN:35,(anonymous_3)
FN:40,(anonymous_4)
FN:55,(anonymous_5)
FN:63,(anonymous_6)
FN:70,(anonymous_7)
FN:80,(anonymous_8)
FN:85,(anonymous_9)
FN:87,(anonymous_10)
FN:90,(anonymous_11)
FN:96,(anonymous_12)
FN:101,(anonymous_13)
FN:107,(anonymous_14)
FN:110,(anonymous_15)
FN:121,(anonymous_16)
FN:126,(anonymous_17)
FN:138,(anonymous_18)
FN:142,(anonymous_19)
FN:162,(anonymous_20)
FNF:21
FNH:1
FNDA:0,(anonymous_0)
FNDA:0,(anonymous_1)
FNDA:2,(anonymous_2)
FNDA:0,(anonymous_3)
FNDA:0,(anonymous_4)
FNDA:0,(anonymous_5)
FNDA:0,(anonymous_6)
FNDA:0,(anonymous_7)
FNDA:0,(anonymous_8)
FNDA:0,(anonymous_9)
FNDA:0,(anonymous_10)
FNDA:0,(anonymous_11)
FNDA:0,(anonymous_12)
FNDA:0,(anonymous_13)
FNDA:0,(anonymous_14)
FNDA:0,(anonymous_15)
FNDA:0,(anonymous_16)
FNDA:0,(anonymous_17)
FNDA:0,(anonymous_18)
FNDA:0,(anonymous_19)
FNDA:0,(anonymous_20)
DA:1,1
DA:3,1
DA:4,1
DA:5,1
DA:6,1
DA:7,1
DA:8,1
DA:10,1
DA:12,0
DA:13,0
DA:16,0
DA:20,2
DA:21,2
DA:22,2
DA:23,2
DA:24,1
DA:25,1
DA:26,1
DA:28,1
DA:30,1
DA:31,1
DA:36,0
DA:42,0
DA:43,0
DA:44,0
DA:45,0
DA:47,0
DA:48,0
DA:49,0
DA:51,0
DA:52,0
DA:53,0
DA:54,0
DA:55,0
DA:56,0
DA:58,0
DA:59,0
DA:64,0
DA:65,0
DA:66,0
DA:68,0
DA:69,0
DA:70,0
DA:71,0
DA:74,0
DA:75,0
DA:77,0
DA:81,0
DA:82,0
DA:83,0
DA:84,0
DA:85,0
DA:87,0
DA:88,0
DA:91,0
DA:92,0
DA:93,0
DA:95,0
DA:97,0
DA:102,0
DA:103,0
DA:104,0
DA:105,0
DA:106,0
DA:108,0
DA:111,0
DA:113,0
DA:116,0
DA:117,0
DA:122,0
DA:123,0
DA:125,0
DA:126,0
DA:127,0
DA:128,0
DA:129,0
DA:134,0
DA:139,0
DA:140,0
DA:141,0
DA:143,0
DA:144,0
DA:145,0
DA:147,0
DA:148,0
DA:149,0
DA:150,0
DA:151,0
DA:156,0
DA:157,0
DA:163,0
DA:164,0
DA:165,0
DA:166,0
LF:94
LH:18
BRDA:23,0,0,1
BRDA:23,0,1,1
BRDA:45,1,0,0
BRDA:45,1,1,0
BRDA:48,2,0,0
BRDA:48,2,1,0
BRDA:58,3,0,0
BRDA:58,3,1,0
BRDA:74,4,0,0
BRDA:74,4,1,0
BRDA:83,5,0,0
BRDA:83,5,1,0
BRDA:91,6,0,0
BRDA:91,6,1,0
BRDA:92,7,0,0
BRDA:92,7,1,0
BRDA:103,8,0,0
BRDA:103,8,1,0
BRDA:116,9,0,0
BRDA:116,9,1,0
BRDA:125,10,0,0
BRDA:125,10,1,0
BRDA:128,11,0,0
BRDA:128,11,1,0
BRDA:144,12,0,0
BRDA:144,12,1,0
BRDA:147,13,0,0
BRDA:147,13,1,0
BRF:28
BRH:2
end_of_record
TN:
SF:lib/handler/index.js
FN:5,readAttachment
FN:16,createAttachment
FN:39,deleteAttachment
FN:57,readDocument
FN:81,(anonymous_4)
FN:89,deleteAttachmentFromUI
FNF:6
FNH:2
FNDA:2,readAttachment
FNDA:0,createAttachment
FNDA:0,deleteAttachment
FNDA:5,readDocument
FNDA:0,(anonymous_4)
FNDA:0,deleteAttachmentFromUI
DA:1,2
DA:2,2
DA:3,2
DA:6,2
DA:7,2
DA:8,1
DA:9,1
DA:11,1
DA:12,1
DA:17,0
DA:18,0
DA:19,0
DA:20,0
DA:21,0
DA:22,0
DA:23,0
DA:24,0
DA:25,0
DA:26,0
DA:31,0
DA:32,0
DA:33,0
DA:36,0
DA:37,0
DA:40,0
DA:41,0
DA:42,0
DA:43,0
DA:44,0
DA:45,0
DA:46,0
DA:47,0
DA:50,0
DA:51,0
DA:52,0
DA:54,0
DA:58,5
DA:59,5
DA:60,5
DA:61,5
DA:66,5
DA:67,5
DA:68,2
DA:69,2
DA:71,3
DA:72,3
DA:73,3
DA:74,2
DA:77,3
DA:81,2
DA:82,0
DA:83,0
DA:84,0
DA:86,0
DA:90,0
DA:93,2
LF:56
LH:24
BRDA:51,0,0,0
BRDA:51,0,1,0
BRDA:73,1,0,2
BRDA:73,1,1,1
BRDA:73,2,0,3
BRDA:73,2,1,2
BRF:6
BRH:4
end_of_record
