TN:
SF:cds-plugin.js
FNF:0
FNH:0
DA:4,0
LF:1
LH:0
BRF:0
BRH:0
end_of_record
TN:
SF:lib/sdm.js
FN:18,(anonymous_0)
FN:22,(anonymous_1)
FN:26,(anonymous_2)
FN:42,(anonymous_3)
FN:75,(anonymous_4)
FN:83,(anonymous_5)
FN:93,(anonymous_6)
FN:102,(anonymous_7)
FN:107,(anonymous_8)
FN:109,(anonymous_9)
FN:112,(anonymous_10)
FN:118,(anonymous_11)
FN:123,(anonymous_12)
FN:130,(anonymous_13)
FN:133,(anonymous_14)
FN:145,(anonymous_15)
FN:153,(anonymous_16)
FN:171,(anonymous_17)
FN:173,(anonymous_18)
FN:176,(anonymous_19)
FN:183,(anonymous_20)
FN:190,(anonymous_21)
FN:209,(anonymous_22)
FN:211,(anonymous_23)
FN:213,(anonymous_24)
FN:217,(anonymous_25)
FN:225,(anonymous_26)
FN:243,(anonymous_27)
FNF:28
FNH:1
FNDA:0,(anonymous_0)
FNDA:0,(anonymous_1)
FNDA:2,(anonymous_2)
FNDA:0,(anonymous_3)
FNDA:0,(anonymous_4)
FNDA:0,(anonymous_5)
FNDA:0,(anonymous_6)
FNDA:0,(anonymous_7)
FNDA:0,(anonymous_8)
FNDA:0,(anonymous_9)
FNDA:0,(anonymous_10)
FNDA:0,(anonymous_11)
FNDA:0,(anonymous_12)
FNDA:0,(anonymous_13)
FNDA:0,(anonymous_14)
FNDA:0,(anonymous_15)
FNDA:0,(anonymous_16)
FNDA:0,(anonymous_17)
FNDA:0,(anonymous_18)
FNDA:0,(anonymous_19)
FNDA:0,(anonymous_20)
FNDA:0,(anonymous_21)
FNDA:0,(anonymous_22)
FNDA:0,(anonymous_23)
FNDA:0,(anonymous_24)
FNDA:0,(anonymous_25)
FNDA:0,(anonymous_26)
FNDA:0,(anonymous_27)
DA:1,1
DA:6,1
DA:7,1
DA:13,1
DA:15,1
DA:19,0
DA:20,0
DA:23,0
DA:27,2
DA:28,2
DA:29,2
DA:30,2
DA:31,1
DA:32,1
DA:33,1
DA:35,1
DA:37,1
DA:38,1
DA:44,0
DA:45,0
DA:46,0
DA:51,0
DA:53,0
DA:57,0
DA:58,0
DA:65,0
DA:66,0
DA:67,0
DA:74,0
DA:75,0
DA:76,0
DA:77,0
DA:79,0
DA:84,0
DA:85,0
DA:86,0
DA:88,0
DA:92,0
DA:93,0
DA:94,0
DA:97,0
DA:98,0
DA:100,0
DA:103,0
DA:104,0
DA:105,0
DA:106,0
DA:107,0
DA:109,0
DA:110,0
DA:113,0
DA:114,0
DA:115,0
DA:117,0
DA:119,0
DA:125,0
DA:126,0
DA:127,0
DA:128,0
DA:129,0
DA:131,0
DA:134,0
DA:136,0
DA:140,0
DA:141,0
DA:146,0
DA:147,0
DA:149,0
DA:151,0
DA:152,0
DA:153,0
DA:154,0
DA:160,0
DA:164,0
DA:165,0
DA:166,0
DA:170,0
DA:171,0
DA:172,0
DA:173,0
DA:175,0
DA:176,0
DA:177,0
DA:179,0
DA:184,0
DA:185,0
DA:186,0
DA:187,0
DA:188,0
DA:189,0
DA:191,0
DA:197,0
DA:198,0
DA:199,0
DA:200,0
DA:201,0
DA:203,0
DA:204,0
DA:209,0
DA:210,0
DA:211,0
DA:213,0
DA:216,0
DA:217,0
DA:221,0
DA:222,0
DA:226,0
DA:227,0
DA:228,0
DA:229,0
DA:230,0
DA:231,0
DA:234,0
DA:236,0
DA:237,0
DA:238,0
DA:239,0
DA:244,0
DA:249,0
DA:250,0
DA:255,0
LF:121
LH:15
BRDA:30,0,0,1
BRDA:30,0,1,1
BRDA:51,1,0,0
BRDA:51,1,1,0
BRDA:57,2,0,0
BRDA:57,2,1,0
BRDA:79,3,0,0
BRDA:79,3,1,0
BRDA:97,4,0,0
BRDA:97,4,1,0
BRDA:105,5,0,0
BRDA:105,5,1,0
BRDA:113,6,0,0
BRDA:113,6,1,0
BRDA:114,7,0,0
BRDA:114,7,1,0
BRDA:126,8,0,0
BRDA:126,8,1,0
BRDA:140,9,0,0
BRDA:140,9,1,0
BRDA:151,10,0,0
BRDA:151,10,1,0
BRDA:164,11,0,0
BRDA:164,11,1,0
BRDA:164,12,0,0
BRDA:164,12,1,0
BRDA:179,13,0,0
BRDA:179,13,1,0
BRDA:197,14,0,0
BRDA:197,14,1,0
BRDA:228,15,0,0
BRDA:228,15,1,0
BRDA:231,16,0,0
BRDA:231,16,1,0
BRDA:231,16,2,0
BRF:35
BRH:2
end_of_record
TN:
SF:lib/handler/index.js
FN:6,readAttachment
FN:17,createAttachment
FN:42,deleteAttachment
FN:57,readDocument
FN:81,(anonymous_4)
FNF:5
FNH:2
FNDA:2,readAttachment
FNDA:0,createAttachment
FNDA:0,deleteAttachment
FNDA:5,readDocument
FNDA:0,(anonymous_4)
DA:1,2
DA:2,2
DA:3,2
DA:4,2
DA:7,2
DA:8,2
DA:9,1
DA:10,1
DA:12,1
DA:13,1
DA:18,0
DA:19,0
DA:20,0
DA:21,0
DA:22,0
DA:23,0
DA:24,0
DA:25,0
DA:26,0
DA:27,0
DA:32,0
DA:33,0
DA:34,0
DA:37,0
DA:38,0
DA:43,0
DA:44,0
DA:45,0
DA:46,0
DA:47,0
DA:48,0
DA:49,0
DA:50,0
DA:53,0
DA:54,0
DA:58,5
DA:59,5
DA:60,5
DA:61,5
DA:66,5
DA:67,5
DA:68,2
DA:69,2
DA:71,3
DA:72,3
DA:73,3
DA:74,2
DA:77,3
DA:81,2
DA:82,0
DA:83,0
DA:84,0
DA:86,0
DA:92,2
LF:54
LH:25
BRDA:73,0,0,2
BRDA:73,0,1,1
BRDA:73,1,0,3
BRDA:73,1,1,2
BRF:4
BRH:4
end_of_record
